<?xml version="1.0" encoding="UTF-8"?>
<testsuite xmlns:xsi="http://www.w3.org/2001/XMLSchema-instance" xsi:noNamespaceSchemaLocation="https://maven.apache.org/surefire/maven-surefire-plugin/xsd/surefire-test-report.xsd" name="tester.all.ApiTest" time="33.094" tests="28" errors="0" skipped="0" failures="0">
  <properties>
    <property name="sun.desktop" value="windows"/>
    <property name="awt.toolkit" value="sun.awt.windows.WToolkit"/>
    <property name="java.specification.version" value="11"/>
    <property name="sun.cpu.isalist" value="amd64"/>
    <property name="sun.jnu.encoding" value="Cp1252"/>
    <property name="java.class.path" value="C:\TestingBackend\target\test-classes;C:\TestingBackend\target\classes;C:\Users\david\.m2\repository\com\intuit\karate\karate-junit5\1.0.0\karate-junit5-1.0.0.jar;C:\Users\david\.m2\repository\com\intuit\karate\karate-core\1.0.0\karate-core-1.0.0.jar;C:\Users\david\.m2\repository\org\graalvm\js\js-scriptengine\21.0.0\js-scriptengine-21.0.0.jar;C:\Users\david\.m2\repository\org\graalvm\sdk\graal-sdk\21.0.0\graal-sdk-21.0.0.jar;C:\Users\david\.m2\repository\org\graalvm\js\js\21.0.0\js-21.0.0.jar;C:\Users\david\.m2\repository\org\graalvm\regex\regex\21.0.0\regex-21.0.0.jar;C:\Users\david\.m2\repository\org\graalvm\truffle\truffle-api\21.0.0\truffle-api-21.0.0.jar;C:\Users\david\.m2\repository\com\ibm\icu\icu4j\67.1\icu4j-67.1.jar;C:\Users\david\.m2\repository\ch\qos\logback\logback-classic\1.2.3\logback-classic-1.2.3.jar;C:\Users\david\.m2\repository\ch\qos\logback\logback-core\1.2.3\logback-core-1.2.3.jar;C:\Users\david\.m2\repository\org\slf4j\slf4j-api\1.7.25\slf4j-api-1.7.25.jar;C:\Users\david\.m2\repository\org\slf4j\jcl-over-slf4j\1.7.25\jcl-over-slf4j-1.7.25.jar;C:\Users\david\.m2\repository\com\jayway\jsonpath\json-path\2.5.0\json-path-2.5.0.jar;C:\Users\david\.m2\repository\net\minidev\json-smart\2.3\json-smart-2.3.jar;C:\Users\david\.m2\repository\net\minidev\accessors-smart\1.2\accessors-smart-1.2.jar;C:\Users\david\.m2\repository\org\ow2\asm\asm\5.0.4\asm-5.0.4.jar;C:\Users\david\.m2\repository\info\cukes\cucumber-java\1.2.5\cucumber-java-1.2.5.jar;C:\Users\david\.m2\repository\info\cukes\cucumber-core\1.2.5\cucumber-core-1.2.5.jar;C:\Users\david\.m2\repository\org\yaml\snakeyaml\1.27\snakeyaml-1.27.jar;C:\Users\david\.m2\repository\de\siegmar\fastcsv\1.0.4\fastcsv-1.0.4.jar;C:\Users\david\.m2\repository\info\picocli\picocli\4.5.2\picocli-4.5.2.jar;C:\Users\david\.m2\repository\org\junit\jupiter\junit-jupiter-api\5.7.0\junit-jupiter-api-5.7.0.jar;C:\Users\david\.m2\repository\org\apiguardian\apiguardian-api\1.1.0\apiguardian-api-1.1.0.jar;C:\Users\david\.m2\repository\org\opentest4j\opentest4j\1.2.0\opentest4j-1.2.0.jar;C:\Users\david\.m2\repository\org\junit\platform\junit-platform-commons\1.7.0\junit-platform-commons-1.7.0.jar;C:\Users\david\.m2\repository\org\junit\jupiter\junit-jupiter-engine\5.7.0\junit-jupiter-engine-5.7.0.jar;C:\Users\david\.m2\repository\org\junit\platform\junit-platform-engine\1.7.0\junit-platform-engine-1.7.0.jar;"/>
    <property name="java.vm.vendor" value="Oracle Corporation"/>
    <property name="sun.arch.data.model" value="64"/>
    <property name="user.variant" value=""/>
    <property name="java.vendor.url" value="https://openjdk.java.net/"/>
    <property name="user.timezone" value="America/Bogota"/>
    <property name="java.vm.specification.version" value="11"/>
    <property name="os.name" value="Windows 10"/>
    <property name="sun.java.launcher" value="SUN_STANDARD"/>
    <property name="user.country" value="US"/>
    <property name="sun.boot.library.path" value="C:\Program Files\Java\jdk-11.0.10\bin"/>
    <property name="sun.java.command" value="C:\Users\david\AppData\Local\Temp\surefire12458661588945419629\surefirebooter6311982301689186284.jar C:\Users\david\AppData\Local\Temp\surefire12458661588945419629 2021-05-18T21-21-40_302-jvmRun1 surefire6167356949301793224tmp surefire_010516377437148422182tmp"/>
    <property name="jdk.debug" value="release"/>
    <property name="test" value="ApiTest"/>
    <property name="surefire.test.class.path" value="C:\TestingBackend\target\test-classes;C:\TestingBackend\target\classes;C:\Users\david\.m2\repository\com\intuit\karate\karate-junit5\1.0.0\karate-junit5-1.0.0.jar;C:\Users\david\.m2\repository\com\intuit\karate\karate-core\1.0.0\karate-core-1.0.0.jar;C:\Users\david\.m2\repository\org\graalvm\js\js-scriptengine\21.0.0\js-scriptengine-21.0.0.jar;C:\Users\david\.m2\repository\org\graalvm\sdk\graal-sdk\21.0.0\graal-sdk-21.0.0.jar;C:\Users\david\.m2\repository\org\graalvm\js\js\21.0.0\js-21.0.0.jar;C:\Users\david\.m2\repository\org\graalvm\regex\regex\21.0.0\regex-21.0.0.jar;C:\Users\david\.m2\repository\org\graalvm\truffle\truffle-api\21.0.0\truffle-api-21.0.0.jar;C:\Users\david\.m2\repository\com\ibm\icu\icu4j\67.1\icu4j-67.1.jar;C:\Users\david\.m2\repository\ch\qos\logback\logback-classic\1.2.3\logback-classic-1.2.3.jar;C:\Users\david\.m2\repository\ch\qos\logback\logback-core\1.2.3\logback-core-1.2.3.jar;C:\Users\david\.m2\repository\org\slf4j\slf4j-api\1.7.25\slf4j-api-1.7.25.jar;C:\Users\david\.m2\repository\org\slf4j\jcl-over-slf4j\1.7.25\jcl-over-slf4j-1.7.25.jar;C:\Users\david\.m2\repository\com\jayway\jsonpath\json-path\2.5.0\json-path-2.5.0.jar;C:\Users\david\.m2\repository\net\minidev\json-smart\2.3\json-smart-2.3.jar;C:\Users\david\.m2\repository\net\minidev\accessors-smart\1.2\accessors-smart-1.2.jar;C:\Users\david\.m2\repository\org\ow2\asm\asm\5.0.4\asm-5.0.4.jar;C:\Users\david\.m2\repository\info\cukes\cucumber-java\1.2.5\cucumber-java-1.2.5.jar;C:\Users\david\.m2\repository\info\cukes\cucumber-core\1.2.5\cucumber-core-1.2.5.jar;C:\Users\david\.m2\repository\org\yaml\snakeyaml\1.27\snakeyaml-1.27.jar;C:\Users\david\.m2\repository\de\siegmar\fastcsv\1.0.4\fastcsv-1.0.4.jar;C:\Users\david\.m2\repository\info\picocli\picocli\4.5.2\picocli-4.5.2.jar;C:\Users\david\.m2\repository\org\junit\jupiter\junit-jupiter-api\5.7.0\junit-jupiter-api-5.7.0.jar;C:\Users\david\.m2\repository\org\apiguardian\apiguardian-api\1.1.0\apiguardian-api-1.1.0.jar;C:\Users\david\.m2\repository\org\opentest4j\opentest4j\1.2.0\opentest4j-1.2.0.jar;C:\Users\david\.m2\repository\org\junit\platform\junit-platform-commons\1.7.0\junit-platform-commons-1.7.0.jar;C:\Users\david\.m2\repository\org\junit\jupiter\junit-jupiter-engine\5.7.0\junit-jupiter-engine-5.7.0.jar;C:\Users\david\.m2\repository\org\junit\platform\junit-platform-engine\1.7.0\junit-platform-engine-1.7.0.jar;"/>
    <property name="sun.cpu.endian" value="little"/>
    <property name="user.home" value="C:\Users\david"/>
    <property name="user.language" value="en"/>
    <property name="java.specification.vendor" value="Oracle Corporation"/>
    <property name="java.version.date" value="2021-01-19"/>
    <property name="java.home" value="C:\Program Files\Java\jdk-11.0.10"/>
    <property name="file.separator" value="\"/>
    <property name="basedir" value="C:\TestingBackend"/>
    <property name="java.vm.compressedOopsMode" value="32-bit"/>
    <property name="line.separator" value="&#10;"/>
    <property name="java.specification.name" value="Java Platform API Specification"/>
    <property name="java.vm.specification.vendor" value="Oracle Corporation"/>
    <property name="java.awt.graphicsenv" value="sun.awt.Win32GraphicsEnvironment"/>
    <property name="surefire.real.class.path" value="C:\Users\david\AppData\Local\Temp\surefire12458661588945419629\surefirebooter6311982301689186284.jar"/>
    <property name="user.script" value=""/>
    <property name="sun.management.compiler" value="HotSpot 64-Bit Tiered Compilers"/>
    <property name="java.runtime.version" value="11.0.10+8-LTS-162"/>
    <property name="user.name" value="david"/>
    <property name="path.separator" value=";"/>
    <property name="os.version" value="10.0"/>
    <property name="java.runtime.name" value="Java(TM) SE Runtime Environment"/>
    <property name="file.encoding" value="UTF-8"/>
    <property name="java.vm.name" value="Java HotSpot(TM) 64-Bit Server VM"/>
    <property name="java.vendor.version" value="18.9"/>
    <property name="localRepository" value="C:\Users\david\.m2\repository"/>
    <property name="java.vendor.url.bug" value="https://bugreport.java.com/bugreport/"/>
    <property name="java.io.tmpdir" value="C:\Users\david\AppData\Local\Temp\"/>
    <property name="java.version" value="11.0.10"/>
    <property name="user.dir" value="C:\TestingBackend"/>
    <property name="os.arch" value="amd64"/>
    <property name="java.vm.specification.name" value="Java Virtual Machine Specification"/>
    <property name="java.awt.printerjob" value="sun.awt.windows.WPrinterJob"/>
    <property name="sun.os.patch.level" value=""/>
    <property name="java.library.path" value="C:\Program Files\Java\jdk-11.0.10\bin;C:\Windows\Sun\Java\bin;C:\Windows\system32;C:\Windows;C:\app\david\product\18.0.0\dbhomeXE\bin;C:\Program Files\Common Files\Oracle\Java\javapath;C:\Windows\system32;C:\Windows;C:\Windows\System32\Wbem;C:\Windows\System32\WindowsPowerShell\v1.0\;C:\Windows\System32\OpenSSH\;C:\Program Files (x86)\NVIDIA Corporation\PhysX\Common;C:\Program Files\NVIDIA Corporation\NVIDIA NvDLISR;C:\Program Files\PuTTY\;C:\Users\david\AppData\Local\Microsoft\WindowsApps;C:\Users\david\AppData\Local\Programs\Microsoft VS Code\bin;C:\Users\david\AppData\Local\gitkraken\bin;C:\Librerias\apache-maven-3.6.3\bin;C:\Program Files\Java\jdk-11.0.10;C:\Librerias\flutter\bin;;."/>
    <property name="java.vendor" value="Oracle Corporation"/>
    <property name="java.vm.info" value="mixed mode"/>
    <property name="java.vm.version" value="11.0.10+8-LTS-162"/>
    <property name="sun.io.unicode.encoding" value="UnicodeLittle"/>
    <property name="java.class.version" value="55.0"/>
  </properties>
  <testcase name="testAll[1][1]" classname="tester.all.ApiTest" time="2.937"/>
  <testcase name="testAll[2][1]" classname="tester.all.ApiTest" time="0.36"/>
  <testcase name="testAll[2][2]" classname="tester.all.ApiTest" time="0.315"/>
  <testcase name="testAll[3][1]" classname="tester.all.ApiTest" time="0.319"/>
  <testcase name="testAll[4][1]" classname="tester.all.ApiTest" time="0.731"/>
  <testcase name="testAll[5][1]" classname="tester.all.ApiTest" time="0.352"/>
  <testcase name="testAll[6][1]" classname="tester.all.ApiTest" time="0.281"/>
  <testcase name="testAll[7][1]" classname="tester.all.ApiTest" time="4.839"/>
  <testcase name="testAll[7][2]" classname="tester.all.ApiTest" time="4.167"/>
  <testcase name="testAll[7][3]" classname="tester.all.ApiTest" time="2.629"/>
  <testcase name="testAll[8][1]" classname="tester.all.ApiTest" time="0.712"/>
  <testcase name="testAll[9][1]" classname="tester.all.ApiTest" time="0.265"/>
  <testcase name="testAll[10][1]" classname="tester.all.ApiTest" time="0.266"/>
  <testcase name="testAll[11][1]" classname="tester.all.ApiTest" time="0.241"/>
  <testcase name="testAll[12][1]" classname="tester.all.ApiTest" time="0.281"/>
  <testcase name="testAll[13][1]" classname="tester.all.ApiTest" time="3.651"/>
  <testcase name="testAll[13][2]" classname="tester.all.ApiTest" time="1.45"/>
  <testcase name="testAll[13][3]" classname="tester.all.ApiTest" time="0.658"/>
  <testcase name="testAll[14][1]" classname="tester.all.ApiTest" time="0.706"/>
  <testcase name="testAll[15][1]" classname="tester.all.ApiTest" time="0.269"/>
  <testcase name="testAll[15][2]" classname="tester.all.ApiTest" time="1.016"/>
  <testcase name="testAll[15][3]" classname="tester.all.ApiTest" time="0.241"/>
  <testcase name="testAll[16][1]" classname="tester.all.ApiTest" time="0.221"/>
  <testcase name="testAll[17][1]" classname="tester.all.ApiTest" time="0.241"/>
  <testcase name="testAll[18][1]" classname="tester.all.ApiTest" time="0.266"/>
  <testcase name="testAll[19][1]" classname="tester.all.ApiTest" time="0.3"/>
  <testcase name="testAll[20][1]" classname="tester.all.ApiTest" time="3.697"/>
  <testcase name="testAll[20][2]" classname="tester.all.ApiTest" time="0.796"/>
</testsuite>